<?xml version="1.0" encoding="UTF-8"?>
<coverage generated="1779333654978" clover="3.2.0">
  <project timestamp="1779333654978" name="All files">
    <metrics statements="114" coveredstatements="114" conditionals="56" coveredconditionals="56" methods="47" coveredmethods="47" elements="217" coveredelements="217" complexity="0" loc="114" ncloc="114" packages="1" files="1" classes="1"/>
    <file name="index.ts" path="/app/src/index.ts">
      <metrics statements="114" coveredstatements="114" conditionals="56" coveredconditionals="56" methods="47" coveredmethods="47"/>
      <line num="50" count="1" type="stmt"/>
      <line num="51" count="1" type="stmt"/>
      <line num="52" count="1" type="stmt"/>
      <line num="67" count="14" type="stmt"/>
      <line num="68" count="14" type="stmt"/>
      <line num="69" count="14" type="stmt"/>
      <line num="70" count="14" type="stmt"/>
      <line num="78" count="83" type="stmt"/>
      <line num="80" count="74" type="stmt"/>
      <line num="82" count="1" type="stmt"/>
      <line num="83" count="11" type="stmt"/>
      <line num="85" count="1" type="stmt"/>
      <line num="86" count="7" type="stmt"/>
      <line num="92" count="1" type="stmt"/>
      <line num="93" count="32" type="stmt"/>
      <line num="95" count="1" type="stmt"/>
      <line num="96" count="6" type="stmt"/>
      <line num="119" count="1" type="stmt"/>
      <line num="120" count="2" type="stmt"/>
      <line num="121" count="2" type="stmt"/>
      <line num="123" count="1" type="stmt"/>
      <line num="133" count="1" type="stmt"/>
      <line num="137" count="7" type="stmt"/>
      <line num="138" count="7" type="stmt"/>
      <line num="140" count="3" type="stmt"/>
      <line num="150" count="1" type="stmt"/>
      <line num="154" count="3" type="stmt"/>
      <line num="155" count="3" type="stmt"/>
      <line num="157" count="1" type="stmt"/>
      <line num="177" count="2" type="cond" truecount="1" falsecount="0"/>
      <line num="181" count="13" type="stmt"/>
      <line num="182" count="13" type="stmt"/>
      <line num="183" count="13" type="cond" truecount="2" falsecount="0"/>
      <line num="184" count="3" type="stmt"/>
      <line num="185" count="2" type="stmt"/>
      <line num="186" count="1" type="stmt"/>
      <line num="189" count="4" type="stmt"/>
      <line num="191" count="6" type="stmt"/>
      <line num="198" count="1" type="stmt"/>
      <line num="201" count="1" type="cond" truecount="1" falsecount="0"/>
      <line num="203" count="3" type="stmt"/>
      <line num="204" count="3" type="stmt"/>
      <line num="205" count="3" type="cond" truecount="2" falsecount="0"/>
      <line num="218" count="1" type="stmt"/>
      <line num="221" count="3" type="cond" truecount="2" falsecount="0"/>
      <line num="228" count="1" type="stmt"/>
      <line num="232" count="2" type="stmt"/>
      <line num="233" count="2" type="cond" truecount="2" falsecount="0"/>
      <line num="242" count="1" type="stmt"/>
      <line num="245" count="2" type="cond" truecount="2" falsecount="0"/>
      <line num="252" count="1" type="stmt"/>
      <line num="256" count="2" type="stmt"/>
      <line num="257" count="2" type="cond" truecount="2" falsecount="0"/>
      <line num="267" count="1" type="stmt"/>
      <line num="270" count="4" type="cond" truecount="2" falsecount="0"/>
      <line num="277" count="1" type="stmt"/>
      <line num="281" count="3" type="stmt"/>
      <line num="282" count="3" type="cond" truecount="2" falsecount="0"/>
      <line num="296" count="1" type="stmt"/>
      <line num="300" count="4" type="cond" truecount="2" falsecount="0"/>
      <line num="309" count="1" type="stmt"/>
      <line num="314" count="2" type="stmt"/>
      <line num="315" count="2" type="stmt"/>
      <line num="329" count="1" type="stmt"/>
      <line num="330" count="5" type="cond" truecount="2" falsecount="0"/>
      <line num="331" count="2" type="cond" truecount="2" falsecount="0"/>
      <line num="332" count="1" type="stmt"/>
      <line num="341" count="1" type="stmt"/>
      <line num="343" count="1" type="stmt"/>
      <line num="350" count="1" type="stmt"/>
      <line num="353" count="5" type="cond" truecount="2" falsecount="0"/>
      <line num="360" count="1" type="stmt"/>
      <line num="363" count="2" type="stmt"/>
      <line num="370" count="1" type="stmt"/>
      <line num="373" count="2" type="cond" truecount="2" falsecount="0"/>
      <line num="380" count="1" type="stmt"/>
      <line num="384" count="2" type="stmt"/>
      <line num="385" count="2" type="cond" truecount="2" falsecount="0"/>
      <line num="392" count="1" type="stmt"/>
      <line num="393" count="19" type="cond" truecount="4" falsecount="0"/>
      <line num="516" count="1" type="stmt"/>
      <line num="520" count="9" type="cond" truecount="2" falsecount="0"/>
      <line num="521" count="1" type="stmt"/>
      <line num="523" count="2" type="cond" truecount="2" falsecount="0"/>
      <line num="524" count="1" type="cond" truecount="2" falsecount="0"/>
      <line num="527" count="9" type="stmt"/>
      <line num="529" count="9" type="stmt"/>
      <line num="533" count="22" type="cond" truecount="2" falsecount="0"/>
      <line num="534" count="6" type="stmt"/>
      <line num="540" count="16" type="stmt"/>
      <line num="549" count="18" type="cond" truecount="2" falsecount="0"/>
      <line num="553" count="18" type="cond" truecount="2" falsecount="0"/>
      <line num="554" count="16" type="stmt"/>
      <line num="555" count="16" type="stmt"/>
      <line num="556" count="16" type="cond" truecount="2" falsecount="0"/>
      <line num="557" count="2" type="stmt"/>
      <line num="558" count="2" type="stmt"/>
      <line num="561" count="7" type="stmt"/>
      <line num="563" count="7" type="stmt"/>
      <line num="567" count="2" type="stmt"/>
      <line num="568" count="2" type="stmt"/>
      <line num="572" count="9" type="stmt"/>
      <line num="574" count="1" type="stmt"/>
      <line num="576" count="1" type="stmt"/>
      <line num="581" count="2" type="cond" truecount="2" falsecount="0"/>
      <line num="582" count="2" type="stmt"/>
      <line num="583" count="2" type="stmt"/>
      <line num="585" count="1" type="stmt"/>
      <line num="589" count="1" type="cond" truecount="2" falsecount="0"/>
      <line num="590" count="1" type="stmt"/>
      <line num="591" count="1" type="stmt"/>
      <line num="595" count="1" type="cond" truecount="2" falsecount="0"/>
      <line num="596" count="1" type="stmt"/>
      <line num="597" count="1" type="stmt"/>
    </file>
  </project>
</coverage>
