{"/app/src/index.ts": {"path":"/app/src/index.ts","statementMap":{"0":{"start":{"line":50,"column":2},"end":{"line":50,"column":null}},"1":{"start":{"line":51,"column":2},"end":{"line":51,"column":null}},"2":{"start":{"line":52,"column":2},"end":{"line":52,"column":null}},"3":{"start":{"line":60,"column":13},"end":{"line":60,"column":null}},"4":{"start":{"line":60,"column":43},"end":{"line":60,"column":null}},"5":{"start":{"line":62,"column":13},"end":{"line":62,"column":null}},"6":{"start":{"line":62,"column":45},"end":{"line":62,"column":null}},"7":{"start":{"line":64,"column":13},"end":{"line":64,"column":null}},"8":{"start":{"line":64,"column":63},"end":{"line":64,"column":null}},"9":{"start":{"line":66,"column":13},"end":{"line":66,"column":null}},"10":{"start":{"line":66,"column":64},"end":{"line":66,"column":null}},"11":{"start":{"line":72,"column":13},"end":{"line":72,"column":null}},"12":{"start":{"line":72,"column":69},"end":{"line":72,"column":null}},"13":{"start":{"line":74,"column":13},"end":{"line":74,"column":null}},"14":{"start":{"line":74,"column":71},"end":{"line":74,"column":null}},"15":{"start":{"line":86,"column":13},"end":{"line":92,"column":null}},"16":{"start":{"line":87,"column":1},"end":{"line":91,"column":null}},"17":{"start":{"line":88,"column":2},"end":{"line":88,"column":null}},"18":{"start":{"line":90,"column":2},"end":{"line":90,"column":null}},"19":{"start":{"line":100,"column":27},"end":{"line":109,"column":null}},"20":{"start":{"line":104,"column":1},"end":{"line":108,"column":null}},"21":{"start":{"line":105,"column":2},"end":{"line":105,"column":null}},"22":{"start":{"line":107,"column":2},"end":{"line":107,"column":null}},"23":{"start":{"line":117,"column":34},"end":{"line":126,"column":null}},"24":{"start":{"line":121,"column":1},"end":{"line":125,"column":null}},"25":{"start":{"line":122,"column":2},"end":{"line":122,"column":null}},"26":{"start":{"line":124,"column":2},"end":{"line":124,"column":null}},"27":{"start":{"line":138,"column":13},"end":{"line":139,"column":null}},"28":{"start":{"line":139,"column":1},"end":{"line":139,"column":null}},"29":{"start":{"line":146,"column":24},"end":{"line":152,"column":null}},"30":{"start":{"line":150,"column":16},"end":{"line":150,"column":null}},"31":{"start":{"line":151,"column":1},"end":{"line":151,"column":null}},"32":{"start":{"line":160,"column":13},"end":{"line":161,"column":null}},"33":{"start":{"line":161,"column":1},"end":{"line":161,"column":null}},"34":{"start":{"line":168,"column":27},"end":{"line":174,"column":null}},"35":{"start":{"line":172,"column":16},"end":{"line":172,"column":null}},"36":{"start":{"line":173,"column":1},"end":{"line":173,"column":null}},"37":{"start":{"line":183,"column":13},"end":{"line":186,"column":null}},"38":{"start":{"line":186,"column":20},"end":{"line":186,"column":null}},"39":{"start":{"line":193,"column":28},"end":{"line":199,"column":null}},"40":{"start":{"line":197,"column":16},"end":{"line":197,"column":null}},"41":{"start":{"line":198,"column":1},"end":{"line":198,"column":null}},"42":{"start":{"line":212,"column":13},"end":{"line":216,"column":null}},"43":{"start":{"line":216,"column":13},"end":{"line":216,"column":null}},"44":{"start":{"line":225,"column":26},"end":{"line":232,"column":null}},"45":{"start":{"line":230,"column":16},"end":{"line":230,"column":null}},"46":{"start":{"line":231,"column":1},"end":{"line":231,"column":null}},"47":{"start":{"line":245,"column":13},"end":{"line":249,"column":null}},"48":{"start":{"line":246,"column":1},"end":{"line":246,"column":null}},"49":{"start":{"line":246,"column":19},"end":{"line":246,"column":null}},"50":{"start":{"line":247,"column":1},"end":{"line":247,"column":null}},"51":{"start":{"line":247,"column":36},"end":{"line":247,"column":null}},"52":{"start":{"line":248,"column":1},"end":{"line":248,"column":null}},"53":{"start":{"line":257,"column":27},"end":{"line":258,"column":null}},"54":{"start":{"line":258,"column":1},"end":{"line":258,"column":null}},"55":{"start":{"line":265,"column":13},"end":{"line":266,"column":null}},"56":{"start":{"line":266,"column":1},"end":{"line":266,"column":null}},"57":{"start":{"line":273,"column":29},"end":{"line":276,"column":null}},"58":{"start":{"line":276,"column":21},"end":{"line":276,"column":null}},"59":{"start":{"line":283,"column":13},"end":{"line":284,"column":null}},"60":{"start":{"line":284,"column":1},"end":{"line":284,"column":null}},"61":{"start":{"line":291,"column":33},"end":{"line":297,"column":null}},"62":{"start":{"line":295,"column":16},"end":{"line":295,"column":null}},"63":{"start":{"line":296,"column":1},"end":{"line":296,"column":null}},"64":{"start":{"line":303,"column":6},"end":{"line":307,"column":null}},"65":{"start":{"line":304,"column":1},"end":{"line":307,"column":null}},"66":{"start":{"line":382,"column":13},"end":{"line":433,"column":null}},"67":{"start":{"line":389,"column":2},"end":{"line":396,"column":null}},"68":{"start":{"line":390,"column":3},"end":{"line":395,"column":null}},"69":{"start":{"line":391,"column":18},"end":{"line":391,"column":null}},"70":{"start":{"line":392,"column":4},"end":{"line":392,"column":null}},"71":{"start":{"line":394,"column":4},"end":{"line":394,"column":null}},"72":{"start":{"line":398,"column":2},"end":{"line":398,"column":null}},"73":{"start":{"line":401,"column":1},"end":{"line":432,"column":null}},"74":{"start":{"line":403,"column":18},"end":{"line":403,"column":null}},"75":{"start":{"line":405,"column":23},"end":{"line":405,"column":null}},"76":{"start":{"line":410,"column":3},"end":{"line":414,"column":null}},"77":{"start":{"line":411,"column":4},"end":{"line":411,"column":null}},"78":{"start":{"line":413,"column":4},"end":{"line":413,"column":null}},"79":{"start":{"line":416,"column":28},"end":{"line":416,"column":null}},"80":{"start":{"line":417,"column":30},"end":{"line":417,"column":null}}},"fnMap":{"0":{"name":"(anonymous_0)","decl":{"start":{"line":49,"column":1},"end":{"line":49,"column":8}},"loc":{"start":{"line":49,"column":36},"end":{"line":53,"column":null}},"line":49},"1":{"name":"(anonymous_1)","decl":{"start":{"line":60,"column":13},"end":{"line":60,"column":22}},"loc":{"start":{"line":60,"column":43},"end":{"line":60,"column":null}},"line":60},"2":{"name":"(anonymous_2)","decl":{"start":{"line":62,"column":13},"end":{"line":62,"column":23}},"loc":{"start":{"line":62,"column":45},"end":{"line":62,"column":null}},"line":62},"3":{"name":"(anonymous_3)","decl":{"start":{"line":64,"column":13},"end":{"line":64,"column":27}},"loc":{"start":{"line":64,"column":63},"end":{"line":64,"column":null}},"line":64},"4":{"name":"(anonymous_4)","decl":{"start":{"line":66,"column":13},"end":{"line":66,"column":28}},"loc":{"start":{"line":66,"column":64},"end":{"line":66,"column":null}},"line":66},"5":{"name":"(anonymous_5)","decl":{"start":{"line":72,"column":13},"end":{"line":72,"column":27}},"loc":{"start":{"line":72,"column":69},"end":{"line":72,"column":null}},"line":72},"6":{"name":"(anonymous_6)","decl":{"start":{"line":74,"column":13},"end":{"line":74,"column":28}},"loc":{"start":{"line":74,"column":71},"end":{"line":74,"column":null}},"line":74},"7":{"name":"(anonymous_7)","decl":{"start":{"line":86,"column":13},"end":{"line":86,"column":33}},"loc":{"start":{"line":86,"column":69},"end":{"line":92,"column":null}},"line":86},"8":{"name":"(anonymous_8)","decl":{"start":{"line":100,"column":27},"end":{"line":100,"column":null}},"loc":{"start":{"line":103,"column":24},"end":{"line":109,"column":null}},"line":103},"9":{"name":"(anonymous_9)","decl":{"start":{"line":117,"column":34},"end":{"line":117,"column":null}},"loc":{"start":{"line":120,"column":24},"end":{"line":126,"column":null}},"line":120},"10":{"name":"(anonymous_10)","decl":{"start":{"line":138,"column":13},"end":{"line":138,"column":29}},"loc":{"start":{"line":139,"column":1},"end":{"line":139,"column":null}},"line":139},"11":{"name":"(anonymous_11)","decl":{"start":{"line":146,"column":24},"end":{"line":146,"column":null}},"loc":{"start":{"line":149,"column":28},"end":{"line":152,"column":null}},"line":149},"12":{"name":"(anonymous_12)","decl":{"start":{"line":160,"column":13},"end":{"line":160,"column":32}},"loc":{"start":{"line":161,"column":1},"end":{"line":161,"column":null}},"line":161},"13":{"name":"(anonymous_13)","decl":{"start":{"line":168,"column":27},"end":{"line":168,"column":null}},"loc":{"start":{"line":171,"column":28},"end":{"line":174,"column":null}},"line":171},"14":{"name":"(anonymous_14)","decl":{"start":{"line":183,"column":13},"end":{"line":183,"column":null}},"loc":{"start":{"line":186,"column":20},"end":{"line":186,"column":null}},"line":186},"15":{"name":"(anonymous_15)","decl":{"start":{"line":193,"column":28},"end":{"line":193,"column":null}},"loc":{"start":{"line":196,"column":28},"end":{"line":199,"column":null}},"line":196},"16":{"name":"(anonymous_16)","decl":{"start":{"line":212,"column":13},"end":{"line":212,"column":null}},"loc":{"start":{"line":216,"column":13},"end":{"line":216,"column":null}},"line":216},"17":{"name":"(anonymous_17)","decl":{"start":{"line":225,"column":26},"end":{"line":225,"column":null}},"loc":{"start":{"line":229,"column":21},"end":{"line":232,"column":null}},"line":229},"18":{"name":"(anonymous_18)","decl":{"start":{"line":245,"column":13},"end":{"line":245,"column":29}},"loc":{"start":{"line":245,"column":57},"end":{"line":249,"column":null}},"line":245},"19":{"name":"(anonymous_19)","decl":{"start":{"line":257,"column":27},"end":{"line":257,"column":40}},"loc":{"start":{"line":258,"column":1},"end":{"line":258,"column":null}},"line":258},"20":{"name":"(anonymous_20)","decl":{"start":{"line":265,"column":13},"end":{"line":265,"column":34}},"loc":{"start":{"line":266,"column":1},"end":{"line":266,"column":null}},"line":266},"21":{"name":"(anonymous_21)","decl":{"start":{"line":273,"column":29},"end":{"line":273,"column":null}},"loc":{"start":{"line":276,"column":21},"end":{"line":276,"column":null}},"line":276},"22":{"name":"(anonymous_22)","decl":{"start":{"line":283,"column":13},"end":{"line":283,"column":38}},"loc":{"start":{"line":284,"column":1},"end":{"line":284,"column":null}},"line":284},"23":{"name":"(anonymous_23)","decl":{"start":{"line":291,"column":33},"end":{"line":291,"column":null}},"loc":{"start":{"line":294,"column":21},"end":{"line":297,"column":null}},"line":294},"24":{"name":"(anonymous_24)","decl":{"start":{"line":303,"column":6},"end":{"line":303,"column":26}},"loc":{"start":{"line":304,"column":1},"end":{"line":307,"column":null}},"line":304},"25":{"name":"(anonymous_25)","decl":{"start":{"line":382,"column":13},"end":{"line":382,"column":32}},"loc":{"start":{"line":382,"column":88},"end":{"line":433,"column":null}},"line":382},"26":{"name":"from","decl":{"start":{"line":386,"column":10},"end":{"line":386,"column":null}},"loc":{"start":{"line":388,"column":37},"end":{"line":399,"column":null}},"line":388},"27":{"name":"(anonymous_27)","decl":{"start":{"line":403,"column":2},"end":{"line":403,"column":8}},"loc":{"start":{"line":403,"column":18},"end":{"line":403,"column":null}},"line":403},"28":{"name":"(anonymous_28)","decl":{"start":{"line":405,"column":2},"end":{"line":405,"column":13}},"loc":{"start":{"line":405,"column":23},"end":{"line":405,"column":null}},"line":405},"29":{"name":"(anonymous_29)","decl":{"start":{"line":409,"column":2},"end":{"line":409,"column":18}},"loc":{"start":{"line":409,"column":25},"end":{"line":415,"column":null}},"line":409},"30":{"name":"(anonymous_30)","decl":{"start":{"line":416,"column":2},"end":{"line":416,"column":16}},"loc":{"start":{"line":416,"column":28},"end":{"line":416,"column":null}},"line":416},"31":{"name":"(anonymous_31)","decl":{"start":{"line":417,"column":2},"end":{"line":417,"column":23}},"loc":{"start":{"line":417,"column":30},"end":{"line":417,"column":null}},"line":417}},"branchMap":{"0":{"loc":{"start":{"line":139,"column":1},"end":{"line":139,"column":null}},"type":"cond-expr","locations":[{"start":{"line":139,"column":16},"end":{"line":139,"column":39}},{"start":{"line":139,"column":39},"end":{"line":139,"column":null}}],"line":139},"1":{"loc":{"start":{"line":151,"column":8},"end":{"line":151,"column":null}},"type":"cond-expr","locations":[{"start":{"line":151,"column":23},"end":{"line":151,"column":52}},{"start":{"line":151,"column":52},"end":{"line":151,"column":null}}],"line":151},"2":{"loc":{"start":{"line":161,"column":1},"end":{"line":161,"column":null}},"type":"cond-expr","locations":[{"start":{"line":161,"column":17},"end":{"line":161,"column":41}},{"start":{"line":161,"column":41},"end":{"line":161,"column":null}}],"line":161},"3":{"loc":{"start":{"line":173,"column":8},"end":{"line":173,"column":null}},"type":"cond-expr","locations":[{"start":{"line":173,"column":24},"end":{"line":173,"column":54}},{"start":{"line":173,"column":54},"end":{"line":173,"column":null}}],"line":173},"4":{"loc":{"start":{"line":186,"column":20},"end":{"line":186,"column":null}},"type":"cond-expr","locations":[{"start":{"line":186,"column":35},"end":{"line":186,"column":54}},{"start":{"line":186,"column":54},"end":{"line":186,"column":null}}],"line":186},"5":{"loc":{"start":{"line":198,"column":8},"end":{"line":198,"column":null}},"type":"cond-expr","locations":[{"start":{"line":198,"column":23},"end":{"line":198,"column":42}},{"start":{"line":198,"column":42},"end":{"line":198,"column":null}}],"line":198},"6":{"loc":{"start":{"line":216,"column":13},"end":{"line":216,"column":null}},"type":"cond-expr","locations":[{"start":{"line":216,"column":28},"end":{"line":216,"column":49}},{"start":{"line":216,"column":49},"end":{"line":216,"column":null}}],"line":216},"7":{"loc":{"start":{"line":246,"column":1},"end":{"line":246,"column":null}},"type":"if","locations":[{"start":{"line":246,"column":1},"end":{"line":246,"column":null}},{"start":{},"end":{}}],"line":246},"8":{"loc":{"start":{"line":247,"column":1},"end":{"line":247,"column":null}},"type":"if","locations":[{"start":{"line":247,"column":1},"end":{"line":247,"column":null}},{"start":{},"end":{}}],"line":247},"9":{"loc":{"start":{"line":266,"column":1},"end":{"line":266,"column":null}},"type":"cond-expr","locations":[{"start":{"line":266,"column":16},"end":{"line":266,"column":31}},{"start":{"line":266,"column":31},"end":{"line":266,"column":null}}],"line":266},"10":{"loc":{"start":{"line":284,"column":1},"end":{"line":284,"column":null}},"type":"cond-expr","locations":[{"start":{"line":284,"column":16},"end":{"line":284,"column":31}},{"start":{"line":284,"column":31},"end":{"line":284,"column":null}}],"line":284},"11":{"loc":{"start":{"line":296,"column":8},"end":{"line":296,"column":null}},"type":"cond-expr","locations":[{"start":{"line":296,"column":23},"end":{"line":296,"column":38}},{"start":{"line":296,"column":38},"end":{"line":296,"column":null}}],"line":296},"12":{"loc":{"start":{"line":304,"column":1},"end":{"line":307,"column":null}},"type":"binary-expr","locations":[{"start":{"line":304,"column":1},"end":{"line":304,"column":null}},{"start":{"line":305,"column":1},"end":{"line":305,"column":null}},{"start":{"line":306,"column":1},"end":{"line":306,"column":null}},{"start":{"line":307,"column":1},"end":{"line":307,"column":null}}],"line":304},"13":{"loc":{"start":{"line":389,"column":2},"end":{"line":396,"column":null}},"type":"if","locations":[{"start":{"line":389,"column":2},"end":{"line":396,"column":null}},{"start":{},"end":{}}],"line":389},"14":{"loc":{"start":{"line":392,"column":11},"end":{"line":392,"column":null}},"type":"cond-expr","locations":[{"start":{"line":392,"column":37},"end":{"line":392,"column":68}},{"start":{"line":392,"column":68},"end":{"line":392,"column":null}}],"line":392}},"s":{"0":1,"1":1,"2":1,"3":1,"4":60,"5":1,"6":47,"7":1,"8":11,"9":1,"10":7,"11":1,"12":32,"13":1,"14":6,"15":1,"16":2,"17":2,"18":1,"19":1,"20":7,"21":7,"22":3,"23":1,"24":3,"25":3,"26":1,"27":1,"28":3,"29":1,"30":2,"31":2,"32":1,"33":2,"34":1,"35":2,"36":2,"37":1,"38":4,"39":1,"40":3,"41":3,"42":1,"43":4,"44":1,"45":2,"46":2,"47":1,"48":5,"49":3,"50":2,"51":2,"52":1,"53":1,"54":1,"55":1,"56":5,"57":1,"58":2,"59":1,"60":2,"61":1,"62":2,"63":2,"64":1,"65":3,"66":1,"67":6,"68":4,"69":4,"70":4,"71":1,"72":2,"73":2,"74":1,"75":1,"76":2,"77":2,"78":1,"79":1,"80":1},"f":{"0":1,"1":60,"2":47,"3":11,"4":7,"5":32,"6":6,"7":2,"8":7,"9":3,"10":3,"11":2,"12":2,"13":2,"14":4,"15":3,"16":4,"17":2,"18":5,"19":1,"20":5,"21":2,"22":2,"23":2,"24":3,"25":2,"26":6,"27":1,"28":1,"29":2,"30":1,"31":1},"b":{"0":[2,1],"1":[1,1],"2":[1,1],"3":[1,1],"4":[3,1],"5":[2,1],"6":[2,2],"7":[3,2],"8":[1,1],"9":[2,3],"10":[1,1],"11":[1,1],"12":[3,3,2,2],"13":[4,2],"14":[2,1]},"meta":{"lastBranch":15,"lastFunction":32,"lastStatement":81,"seen":{"f:49:1:49:8":0,"s:50:2:50:Infinity":0,"s:51:2:51:Infinity":1,"s:52:2:52:Infinity":2,"s:60:13:60:Infinity":3,"f:60:13:60:22":1,"s:60:43:60:Infinity":4,"s:62:13:62:Infinity":5,"f:62:13:62:23":2,"s:62:45:62:Infinity":6,"s:64:13:64:Infinity":7,"f:64:13:64:27":3,"s:64:63:64:Infinity":8,"s:66:13:66:Infinity":9,"f:66:13:66:28":4,"s:66:64:66:Infinity":10,"s:72:13:72:Infinity":11,"f:72:13:72:27":5,"s:72:69:72:Infinity":12,"s:74:13:74:Infinity":13,"f:74:13:74:28":6,"s:74:71:74:Infinity":14,"s:86:13:92:Infinity":15,"f:86:13:86:33":7,"s:87:1:91:Infinity":16,"s:88:2:88:Infinity":17,"s:90:2:90:Infinity":18,"s:100:27:109:Infinity":19,"f:100:27:100:Infinity":8,"s:104:1:108:Infinity":20,"s:105:2:105:Infinity":21,"s:107:2:107:Infinity":22,"s:117:34:126:Infinity":23,"f:117:34:117:Infinity":9,"s:121:1:125:Infinity":24,"s:122:2:122:Infinity":25,"s:124:2:124:Infinity":26,"s:138:13:139:Infinity":27,"f:138:13:138:29":10,"s:139:1:139:Infinity":28,"b:139:16:139:39:139:39:139:Infinity":0,"s:146:24:152:Infinity":29,"f:146:24:146:Infinity":11,"s:150:16:150:Infinity":30,"s:151:1:151:Infinity":31,"b:151:23:151:52:151:52:151:Infinity":1,"s:160:13:161:Infinity":32,"f:160:13:160:32":12,"s:161:1:161:Infinity":33,"b:161:17:161:41:161:41:161:Infinity":2,"s:168:27:174:Infinity":34,"f:168:27:168:Infinity":13,"s:172:16:172:Infinity":35,"s:173:1:173:Infinity":36,"b:173:24:173:54:173:54:173:Infinity":3,"s:183:13:186:Infinity":37,"f:183:13:183:Infinity":14,"s:186:20:186:Infinity":38,"b:186:35:186:54:186:54:186:Infinity":4,"s:193:28:199:Infinity":39,"f:193:28:193:Infinity":15,"s:197:16:197:Infinity":40,"s:198:1:198:Infinity":41,"b:198:23:198:42:198:42:198:Infinity":5,"s:212:13:216:Infinity":42,"f:212:13:212:Infinity":16,"s:216:13:216:Infinity":43,"b:216:28:216:49:216:49:216:Infinity":6,"s:225:26:232:Infinity":44,"f:225:26:225:Infinity":17,"s:230:16:230:Infinity":45,"s:231:1:231:Infinity":46,"s:245:13:249:Infinity":47,"f:245:13:245:29":18,"b:246:1:246:Infinity:undefined:undefined:undefined:undefined":7,"s:246:1:246:Infinity":48,"s:246:19:246:Infinity":49,"b:247:1:247:Infinity:undefined:undefined:undefined:undefined":8,"s:247:1:247:Infinity":50,"s:247:36:247:Infinity":51,"s:248:1:248:Infinity":52,"s:257:27:258:Infinity":53,"f:257:27:257:40":19,"s:258:1:258:Infinity":54,"s:265:13:266:Infinity":55,"f:265:13:265:34":20,"s:266:1:266:Infinity":56,"b:266:16:266:31:266:31:266:Infinity":9,"s:273:29:276:Infinity":57,"f:273:29:273:Infinity":21,"s:276:21:276:Infinity":58,"s:283:13:284:Infinity":59,"f:283:13:283:38":22,"s:284:1:284:Infinity":60,"b:284:16:284:31:284:31:284:Infinity":10,"s:291:33:297:Infinity":61,"f:291:33:291:Infinity":23,"s:295:16:295:Infinity":62,"s:296:1:296:Infinity":63,"b:296:23:296:38:296:38:296:Infinity":11,"s:303:6:307:Infinity":64,"f:303:6:303:26":24,"s:304:1:307:Infinity":65,"b:304:1:304:Infinity:305:1:305:Infinity:306:1:306:Infinity:307:1:307:Infinity":12,"s:382:13:433:Infinity":66,"f:382:13:382:32":25,"f:386:10:386:Infinity":26,"b:389:2:396:Infinity:undefined:undefined:undefined:undefined":13,"s:389:2:396:Infinity":67,"s:390:3:395:Infinity":68,"s:391:18:391:Infinity":69,"s:392:4:392:Infinity":70,"b:392:37:392:68:392:68:392:Infinity":14,"s:394:4:394:Infinity":71,"s:398:2:398:Infinity":72,"s:401:1:432:Infinity":73,"f:403:2:403:8":27,"s:403:18:403:Infinity":74,"f:405:2:405:13":28,"s:405:23:405:Infinity":75,"f:409:2:409:18":29,"s:410:3:414:Infinity":76,"s:411:4:411:Infinity":77,"s:413:4:413:Infinity":78,"f:416:2:416:16":30,"s:416:28:416:Infinity":79,"f:417:2:417:23":31,"s:417:30:417:Infinity":80}}}
}
