{"/app/src/index.ts": {"path":"/app/src/index.ts","statementMap":{"0":{"start":{"line":50,"column":2},"end":{"line":50,"column":null}},"1":{"start":{"line":51,"column":2},"end":{"line":51,"column":null}},"2":{"start":{"line":52,"column":2},"end":{"line":52,"column":null}},"3":{"start":{"line":67,"column":2},"end":{"line":67,"column":null}},"4":{"start":{"line":68,"column":2},"end":{"line":68,"column":null}},"5":{"start":{"line":69,"column":2},"end":{"line":69,"column":null}},"6":{"start":{"line":70,"column":2},"end":{"line":70,"column":null}},"7":{"start":{"line":78,"column":13},"end":{"line":78,"column":null}},"8":{"start":{"line":78,"column":43},"end":{"line":78,"column":null}},"9":{"start":{"line":80,"column":13},"end":{"line":80,"column":null}},"10":{"start":{"line":80,"column":45},"end":{"line":80,"column":null}},"11":{"start":{"line":82,"column":13},"end":{"line":83,"column":null}},"12":{"start":{"line":83,"column":1},"end":{"line":83,"column":null}},"13":{"start":{"line":85,"column":13},"end":{"line":86,"column":null}},"14":{"start":{"line":86,"column":1},"end":{"line":86,"column":null}},"15":{"start":{"line":92,"column":13},"end":{"line":93,"column":null}},"16":{"start":{"line":93,"column":1},"end":{"line":93,"column":null}},"17":{"start":{"line":95,"column":13},"end":{"line":96,"column":null}},"18":{"start":{"line":96,"column":1},"end":{"line":96,"column":null}},"19":{"start":{"line":119,"column":13},"end":{"line":125,"column":null}},"20":{"start":{"line":120,"column":1},"end":{"line":124,"column":null}},"21":{"start":{"line":121,"column":2},"end":{"line":121,"column":null}},"22":{"start":{"line":123,"column":2},"end":{"line":123,"column":null}},"23":{"start":{"line":133,"column":27},"end":{"line":142,"column":null}},"24":{"start":{"line":137,"column":1},"end":{"line":141,"column":null}},"25":{"start":{"line":138,"column":2},"end":{"line":138,"column":null}},"26":{"start":{"line":140,"column":2},"end":{"line":140,"column":null}},"27":{"start":{"line":150,"column":34},"end":{"line":159,"column":null}},"28":{"start":{"line":154,"column":1},"end":{"line":158,"column":null}},"29":{"start":{"line":155,"column":2},"end":{"line":155,"column":null}},"30":{"start":{"line":157,"column":2},"end":{"line":157,"column":null}},"31":{"start":{"line":177,"column":50},"end":{"line":177,"column":null}},"32":{"start":{"line":181,"column":1},"end":{"line":192,"column":null}},"33":{"start":{"line":182,"column":14},"end":{"line":182,"column":null}},"34":{"start":{"line":183,"column":2},"end":{"line":188,"column":null}},"35":{"start":{"line":184,"column":3},"end":{"line":187,"column":null}},"36":{"start":{"line":185,"column":10},"end":{"line":185,"column":null}},"37":{"start":{"line":186,"column":15},"end":{"line":186,"column":null}},"38":{"start":{"line":189,"column":2},"end":{"line":189,"column":null}},"39":{"start":{"line":191,"column":2},"end":{"line":191,"column":null}},"40":{"start":{"line":198,"column":30},"end":{"line":206,"column":null}},"41":{"start":{"line":201,"column":50},"end":{"line":201,"column":null}},"42":{"start":{"line":203,"column":16},"end":{"line":203,"column":null}},"43":{"start":{"line":204,"column":13},"end":{"line":204,"column":null}},"44":{"start":{"line":205,"column":1},"end":{"line":205,"column":null}},"45":{"start":{"line":218,"column":13},"end":{"line":221,"column":null}},"46":{"start":{"line":221,"column":20},"end":{"line":221,"column":null}},"47":{"start":{"line":228,"column":24},"end":{"line":234,"column":null}},"48":{"start":{"line":232,"column":16},"end":{"line":232,"column":null}},"49":{"start":{"line":233,"column":1},"end":{"line":233,"column":null}},"50":{"start":{"line":242,"column":13},"end":{"line":245,"column":null}},"51":{"start":{"line":245,"column":20},"end":{"line":245,"column":null}},"52":{"start":{"line":252,"column":27},"end":{"line":258,"column":null}},"53":{"start":{"line":256,"column":16},"end":{"line":256,"column":null}},"54":{"start":{"line":257,"column":1},"end":{"line":257,"column":null}},"55":{"start":{"line":267,"column":13},"end":{"line":270,"column":null}},"56":{"start":{"line":270,"column":20},"end":{"line":270,"column":null}},"57":{"start":{"line":277,"column":28},"end":{"line":283,"column":null}},"58":{"start":{"line":281,"column":16},"end":{"line":281,"column":null}},"59":{"start":{"line":282,"column":1},"end":{"line":282,"column":null}},"60":{"start":{"line":296,"column":13},"end":{"line":300,"column":null}},"61":{"start":{"line":300,"column":13},"end":{"line":300,"column":null}},"62":{"start":{"line":309,"column":26},"end":{"line":316,"column":null}},"63":{"start":{"line":314,"column":16},"end":{"line":314,"column":null}},"64":{"start":{"line":315,"column":1},"end":{"line":315,"column":null}},"65":{"start":{"line":329,"column":13},"end":{"line":333,"column":null}},"66":{"start":{"line":330,"column":1},"end":{"line":330,"column":null}},"67":{"start":{"line":330,"column":19},"end":{"line":330,"column":null}},"68":{"start":{"line":331,"column":1},"end":{"line":331,"column":null}},"69":{"start":{"line":331,"column":36},"end":{"line":331,"column":null}},"70":{"start":{"line":332,"column":1},"end":{"line":332,"column":null}},"71":{"start":{"line":341,"column":27},"end":{"line":343,"column":null}},"72":{"start":{"line":343,"column":17},"end":{"line":343,"column":null}},"73":{"start":{"line":350,"column":13},"end":{"line":353,"column":null}},"74":{"start":{"line":353,"column":13},"end":{"line":353,"column":null}},"75":{"start":{"line":360,"column":29},"end":{"line":363,"column":null}},"76":{"start":{"line":363,"column":21},"end":{"line":363,"column":null}},"77":{"start":{"line":370,"column":13},"end":{"line":373,"column":null}},"78":{"start":{"line":373,"column":13},"end":{"line":373,"column":null}},"79":{"start":{"line":380,"column":33},"end":{"line":386,"column":null}},"80":{"start":{"line":384,"column":16},"end":{"line":384,"column":null}},"81":{"start":{"line":385,"column":1},"end":{"line":385,"column":null}},"82":{"start":{"line":392,"column":6},"end":{"line":396,"column":null}},"83":{"start":{"line":393,"column":1},"end":{"line":396,"column":null}},"84":{"start":{"line":516,"column":13},"end":{"line":617,"column":null}},"85":{"start":{"line":520,"column":2},"end":{"line":525,"column":null}},"86":{"start":{"line":521,"column":58},"end":{"line":521,"column":66}},"87":{"start":{"line":523,"column":52},"end":{"line":523,"column":null}},"88":{"start":{"line":524,"column":66},"end":{"line":524,"column":null}},"89":{"start":{"line":527,"column":39},"end":{"line":527,"column":null}},"90":{"start":{"line":529,"column":7},"end":{"line":541,"column":null}},"91":{"start":{"line":533,"column":2},"end":{"line":539,"column":null}},"92":{"start":{"line":534,"column":3},"end":{"line":538,"column":null}},"93":{"start":{"line":540,"column":2},"end":{"line":540,"column":null}},"94":{"start":{"line":549,"column":27},"end":{"line":549,"column":null}},"95":{"start":{"line":553,"column":2},"end":{"line":565,"column":null}},"96":{"start":{"line":554,"column":3},"end":{"line":564,"column":null}},"97":{"start":{"line":555,"column":18},"end":{"line":555,"column":null}},"98":{"start":{"line":556,"column":4},"end":{"line":560,"column":null}},"99":{"start":{"line":557,"column":5},"end":{"line":559,"column":null}},"100":{"start":{"line":558,"column":6},"end":{"line":558,"column":null}},"101":{"start":{"line":561,"column":4},"end":{"line":561,"column":null}},"102":{"start":{"line":563,"column":4},"end":{"line":563,"column":null}},"103":{"start":{"line":567,"column":2},"end":{"line":569,"column":null}},"104":{"start":{"line":568,"column":3},"end":{"line":568,"column":null}},"105":{"start":{"line":572,"column":1},"end":{"line":616,"column":null}},"106":{"start":{"line":574,"column":18},"end":{"line":574,"column":null}},"107":{"start":{"line":576,"column":23},"end":{"line":576,"column":null}},"108":{"start":{"line":581,"column":28},"end":{"line":581,"column":null}},"109":{"start":{"line":582,"column":3},"end":{"line":586,"column":null}},"110":{"start":{"line":583,"column":4},"end":{"line":583,"column":null}},"111":{"start":{"line":585,"column":4},"end":{"line":585,"column":null}},"112":{"start":{"line":589,"column":28},"end":{"line":589,"column":null}},"113":{"start":{"line":590,"column":3},"end":{"line":592,"column":null}},"114":{"start":{"line":591,"column":4},"end":{"line":591,"column":null}},"115":{"start":{"line":595,"column":28},"end":{"line":595,"column":null}},"116":{"start":{"line":596,"column":3},"end":{"line":598,"column":null}},"117":{"start":{"line":597,"column":4},"end":{"line":597,"column":null}}},"fnMap":{"0":{"name":"(anonymous_0)","decl":{"start":{"line":49,"column":1},"end":{"line":49,"column":8}},"loc":{"start":{"line":49,"column":36},"end":{"line":53,"column":null}},"line":49},"1":{"name":"(anonymous_1)","decl":{"start":{"line":66,"column":1},"end":{"line":66,"column":13}},"loc":{"start":{"line":66,"column":61},"end":{"line":71,"column":null}},"line":66},"2":{"name":"(anonymous_2)","decl":{"start":{"line":78,"column":13},"end":{"line":78,"column":22}},"loc":{"start":{"line":78,"column":43},"end":{"line":78,"column":null}},"line":78},"3":{"name":"(anonymous_3)","decl":{"start":{"line":80,"column":13},"end":{"line":80,"column":23}},"loc":{"start":{"line":80,"column":45},"end":{"line":80,"column":null}},"line":80},"4":{"name":"(anonymous_4)","decl":{"start":{"line":82,"column":13},"end":{"line":82,"column":27}},"loc":{"start":{"line":83,"column":1},"end":{"line":83,"column":null}},"line":83},"5":{"name":"(anonymous_5)","decl":{"start":{"line":85,"column":13},"end":{"line":85,"column":28}},"loc":{"start":{"line":86,"column":1},"end":{"line":86,"column":null}},"line":86},"6":{"name":"(anonymous_6)","decl":{"start":{"line":92,"column":13},"end":{"line":92,"column":27}},"loc":{"start":{"line":93,"column":1},"end":{"line":93,"column":null}},"line":93},"7":{"name":"(anonymous_7)","decl":{"start":{"line":95,"column":13},"end":{"line":95,"column":28}},"loc":{"start":{"line":96,"column":1},"end":{"line":96,"column":null}},"line":96},"8":{"name":"(anonymous_8)","decl":{"start":{"line":119,"column":13},"end":{"line":119,"column":33}},"loc":{"start":{"line":119,"column":69},"end":{"line":125,"column":null}},"line":119},"9":{"name":"(anonymous_9)","decl":{"start":{"line":133,"column":27},"end":{"line":133,"column":null}},"loc":{"start":{"line":136,"column":24},"end":{"line":142,"column":null}},"line":136},"10":{"name":"(anonymous_10)","decl":{"start":{"line":150,"column":34},"end":{"line":150,"column":null}},"loc":{"start":{"line":153,"column":24},"end":{"line":159,"column":null}},"line":153},"11":{"name":"onFinally","decl":{"start":{"line":174,"column":16},"end":{"line":174,"column":null}},"loc":{"start":{"line":180,"column":46},"end":{"line":193,"column":null}},"line":180},"12":{"name":"(anonymous_12)","decl":{"start":{"line":177,"column":1},"end":{"line":177,"column":44}},"loc":{"start":{"line":177,"column":50},"end":{"line":177,"column":null}},"line":177},"13":{"name":"(anonymous_13)","decl":{"start":{"line":184,"column":14},"end":{"line":184,"column":null}},"loc":{"start":{"line":185,"column":10},"end":{"line":185,"column":null}},"line":185},"14":{"name":"(anonymous_14)","decl":{"start":{"line":185,"column":10},"end":{"line":185,"column":null}},"loc":{"start":{"line":186,"column":15},"end":{"line":186,"column":null}},"line":186},"15":{"name":"(anonymous_15)","decl":{"start":{"line":198,"column":30},"end":{"line":198,"column":null}},"loc":{"start":{"line":202,"column":49},"end":{"line":206,"column":null}},"line":202},"16":{"name":"(anonymous_16)","decl":{"start":{"line":201,"column":1},"end":{"line":201,"column":44}},"loc":{"start":{"line":201,"column":50},"end":{"line":201,"column":null}},"line":201},"17":{"name":"(anonymous_17)","decl":{"start":{"line":218,"column":13},"end":{"line":218,"column":null}},"loc":{"start":{"line":221,"column":20},"end":{"line":221,"column":null}},"line":221},"18":{"name":"(anonymous_18)","decl":{"start":{"line":228,"column":24},"end":{"line":228,"column":null}},"loc":{"start":{"line":231,"column":28},"end":{"line":234,"column":null}},"line":231},"19":{"name":"(anonymous_19)","decl":{"start":{"line":242,"column":13},"end":{"line":242,"column":null}},"loc":{"start":{"line":245,"column":20},"end":{"line":245,"column":null}},"line":245},"20":{"name":"(anonymous_20)","decl":{"start":{"line":252,"column":27},"end":{"line":252,"column":null}},"loc":{"start":{"line":255,"column":28},"end":{"line":258,"column":null}},"line":255},"21":{"name":"(anonymous_21)","decl":{"start":{"line":267,"column":13},"end":{"line":267,"column":null}},"loc":{"start":{"line":270,"column":20},"end":{"line":270,"column":null}},"line":270},"22":{"name":"(anonymous_22)","decl":{"start":{"line":277,"column":28},"end":{"line":277,"column":null}},"loc":{"start":{"line":280,"column":28},"end":{"line":283,"column":null}},"line":280},"23":{"name":"(anonymous_23)","decl":{"start":{"line":296,"column":13},"end":{"line":296,"column":null}},"loc":{"start":{"line":300,"column":13},"end":{"line":300,"column":null}},"line":300},"24":{"name":"(anonymous_24)","decl":{"start":{"line":309,"column":26},"end":{"line":309,"column":null}},"loc":{"start":{"line":313,"column":21},"end":{"line":316,"column":null}},"line":313},"25":{"name":"(anonymous_25)","decl":{"start":{"line":329,"column":13},"end":{"line":329,"column":29}},"loc":{"start":{"line":329,"column":57},"end":{"line":333,"column":null}},"line":329},"26":{"name":"(anonymous_26)","decl":{"start":{"line":341,"column":27},"end":{"line":341,"column":null}},"loc":{"start":{"line":343,"column":17},"end":{"line":343,"column":null}},"line":343},"27":{"name":"(anonymous_27)","decl":{"start":{"line":350,"column":13},"end":{"line":350,"column":null}},"loc":{"start":{"line":353,"column":13},"end":{"line":353,"column":null}},"line":353},"28":{"name":"(anonymous_28)","decl":{"start":{"line":360,"column":29},"end":{"line":360,"column":null}},"loc":{"start":{"line":363,"column":21},"end":{"line":363,"column":null}},"line":363},"29":{"name":"(anonymous_29)","decl":{"start":{"line":370,"column":13},"end":{"line":370,"column":null}},"loc":{"start":{"line":373,"column":13},"end":{"line":373,"column":null}},"line":373},"30":{"name":"(anonymous_30)","decl":{"start":{"line":380,"column":33},"end":{"line":380,"column":null}},"loc":{"start":{"line":383,"column":21},"end":{"line":386,"column":null}},"line":383},"31":{"name":"(anonymous_31)","decl":{"start":{"line":392,"column":6},"end":{"line":392,"column":26}},"loc":{"start":{"line":393,"column":1},"end":{"line":396,"column":null}},"line":393},"32":{"name":"(anonymous_32)","decl":{"start":{"line":516,"column":13},"end":{"line":516,"column":null}},"loc":{"start":{"line":518,"column":29},"end":{"line":617,"column":null}},"line":518},"33":{"name":"(anonymous_33)","decl":{"start":{"line":521,"column":25},"end":{"line":521,"column":43}},"loc":{"start":{"line":521,"column":58},"end":{"line":521,"column":66}},"line":521},"34":{"name":"(anonymous_34)","decl":{"start":{"line":523,"column":23},"end":{"line":523,"column":37}},"loc":{"start":{"line":523,"column":52},"end":{"line":523,"column":null}},"line":523},"35":{"name":"(anonymous_35)","decl":{"start":{"line":524,"column":30},"end":{"line":524,"column":51}},"loc":{"start":{"line":524,"column":66},"end":{"line":524,"column":null}},"line":524},"36":{"name":"(anonymous_36)","decl":{"start":{"line":529,"column":7},"end":{"line":529,"column":null}},"loc":{"start":{"line":532,"column":11},"end":{"line":541,"column":null}},"line":532},"37":{"name":"from","decl":{"start":{"line":543,"column":10},"end":{"line":543,"column":null}},"loc":{"start":{"line":548,"column":46},"end":{"line":570,"column":null}},"line":548},"38":{"name":"(anonymous_38)","decl":{"start":{"line":557,"column":48},"end":{"line":557,"column":54}},"loc":{"start":{"line":558,"column":6},"end":{"line":558,"column":null}},"line":558},"39":{"name":"(anonymous_39)","decl":{"start":{"line":567,"column":45},"end":{"line":567,"column":51}},"loc":{"start":{"line":568,"column":3},"end":{"line":568,"column":null}},"line":568},"40":{"name":"(anonymous_40)","decl":{"start":{"line":574,"column":2},"end":{"line":574,"column":8}},"loc":{"start":{"line":574,"column":18},"end":{"line":574,"column":null}},"line":574},"41":{"name":"(anonymous_41)","decl":{"start":{"line":576,"column":2},"end":{"line":576,"column":13}},"loc":{"start":{"line":576,"column":23},"end":{"line":576,"column":null}},"line":576},"42":{"name":"(anonymous_42)","decl":{"start":{"line":580,"column":2},"end":{"line":580,"column":18}},"loc":{"start":{"line":580,"column":40},"end":{"line":587,"column":null}},"line":580},"43":{"name":"(anonymous_43)","decl":{"start":{"line":588,"column":2},"end":{"line":588,"column":16}},"loc":{"start":{"line":588,"column":43},"end":{"line":593,"column":null}},"line":588},"44":{"name":"(anonymous_44)","decl":{"start":{"line":590,"column":48},"end":{"line":590,"column":54}},"loc":{"start":{"line":591,"column":4},"end":{"line":591,"column":null}},"line":591},"45":{"name":"(anonymous_45)","decl":{"start":{"line":594,"column":2},"end":{"line":594,"column":23}},"loc":{"start":{"line":594,"column":45},"end":{"line":599,"column":null}},"line":594},"46":{"name":"(anonymous_46)","decl":{"start":{"line":596,"column":50},"end":{"line":596,"column":56}},"loc":{"start":{"line":597,"column":4},"end":{"line":597,"column":null}},"line":597}},"branchMap":{"0":{"loc":{"start":{"line":177,"column":1},"end":{"line":177,"column":null}},"type":"default-arg","locations":[{"start":{"line":177,"column":1},"end":{"line":177,"column":null}}],"line":177},"1":{"loc":{"start":{"line":183,"column":2},"end":{"line":188,"column":null}},"type":"if","locations":[{"start":{"line":183,"column":2},"end":{"line":188,"column":null}},{"start":{},"end":{}}],"line":183},"2":{"loc":{"start":{"line":201,"column":1},"end":{"line":201,"column":null}},"type":"default-arg","locations":[{"start":{"line":201,"column":1},"end":{"line":201,"column":null}}],"line":201},"3":{"loc":{"start":{"line":205,"column":8},"end":{"line":205,"column":null}},"type":"cond-expr","locations":[{"start":{"line":205,"column":29},"end":{"line":205,"column":35}},{"start":{"line":205,"column":35},"end":{"line":205,"column":null}}],"line":205},"4":{"loc":{"start":{"line":221,"column":20},"end":{"line":221,"column":null}},"type":"cond-expr","locations":[{"start":{"line":221,"column":35},"end":{"line":221,"column":58}},{"start":{"line":221,"column":58},"end":{"line":221,"column":null}}],"line":221},"5":{"loc":{"start":{"line":233,"column":8},"end":{"line":233,"column":null}},"type":"cond-expr","locations":[{"start":{"line":233,"column":23},"end":{"line":233,"column":52}},{"start":{"line":233,"column":52},"end":{"line":233,"column":null}}],"line":233},"6":{"loc":{"start":{"line":245,"column":20},"end":{"line":245,"column":null}},"type":"cond-expr","locations":[{"start":{"line":245,"column":36},"end":{"line":245,"column":60}},{"start":{"line":245,"column":60},"end":{"line":245,"column":null}}],"line":245},"7":{"loc":{"start":{"line":257,"column":8},"end":{"line":257,"column":null}},"type":"cond-expr","locations":[{"start":{"line":257,"column":24},"end":{"line":257,"column":54}},{"start":{"line":257,"column":54},"end":{"line":257,"column":null}}],"line":257},"8":{"loc":{"start":{"line":270,"column":20},"end":{"line":270,"column":null}},"type":"cond-expr","locations":[{"start":{"line":270,"column":35},"end":{"line":270,"column":54}},{"start":{"line":270,"column":54},"end":{"line":270,"column":null}}],"line":270},"9":{"loc":{"start":{"line":282,"column":8},"end":{"line":282,"column":null}},"type":"cond-expr","locations":[{"start":{"line":282,"column":23},"end":{"line":282,"column":42}},{"start":{"line":282,"column":42},"end":{"line":282,"column":null}}],"line":282},"10":{"loc":{"start":{"line":300,"column":13},"end":{"line":300,"column":null}},"type":"cond-expr","locations":[{"start":{"line":300,"column":28},"end":{"line":300,"column":49}},{"start":{"line":300,"column":49},"end":{"line":300,"column":null}}],"line":300},"11":{"loc":{"start":{"line":330,"column":1},"end":{"line":330,"column":null}},"type":"if","locations":[{"start":{"line":330,"column":1},"end":{"line":330,"column":null}},{"start":{},"end":{}}],"line":330},"12":{"loc":{"start":{"line":331,"column":1},"end":{"line":331,"column":null}},"type":"if","locations":[{"start":{"line":331,"column":1},"end":{"line":331,"column":null}},{"start":{},"end":{}}],"line":331},"13":{"loc":{"start":{"line":353,"column":13},"end":{"line":353,"column":null}},"type":"cond-expr","locations":[{"start":{"line":353,"column":28},"end":{"line":353,"column":43}},{"start":{"line":353,"column":43},"end":{"line":353,"column":null}}],"line":353},"14":{"loc":{"start":{"line":373,"column":13},"end":{"line":373,"column":null}},"type":"cond-expr","locations":[{"start":{"line":373,"column":28},"end":{"line":373,"column":43}},{"start":{"line":373,"column":43},"end":{"line":373,"column":null}}],"line":373},"15":{"loc":{"start":{"line":385,"column":8},"end":{"line":385,"column":null}},"type":"cond-expr","locations":[{"start":{"line":385,"column":23},"end":{"line":385,"column":38}},{"start":{"line":385,"column":38},"end":{"line":385,"column":null}}],"line":385},"16":{"loc":{"start":{"line":393,"column":1},"end":{"line":396,"column":null}},"type":"binary-expr","locations":[{"start":{"line":393,"column":1},"end":{"line":393,"column":null}},{"start":{"line":394,"column":1},"end":{"line":394,"column":null}},{"start":{"line":395,"column":1},"end":{"line":395,"column":null}},{"start":{"line":396,"column":1},"end":{"line":396,"column":null}}],"line":393},"17":{"loc":{"start":{"line":520,"column":2},"end":{"line":525,"column":null}},"type":"cond-expr","locations":[{"start":{"line":521,"column":5},"end":{"line":521,"column":null}},{"start":{"line":522,"column":5},"end":{"line":525,"column":null}}],"line":520},"18":{"loc":{"start":{"line":523,"column":15},"end":{"line":523,"column":null}},"type":"binary-expr","locations":[{"start":{"line":523,"column":15},"end":{"line":523,"column":37}},{"start":{"line":523,"column":23},"end":{"line":523,"column":null}}],"line":523},"19":{"loc":{"start":{"line":524,"column":22},"end":{"line":524,"column":null}},"type":"binary-expr","locations":[{"start":{"line":524,"column":22},"end":{"line":524,"column":51}},{"start":{"line":524,"column":30},"end":{"line":524,"column":null}}],"line":524},"20":{"loc":{"start":{"line":533,"column":2},"end":{"line":539,"column":null}},"type":"if","locations":[{"start":{"line":533,"column":2},"end":{"line":539,"column":null}},{"start":{},"end":{}}],"line":533},"21":{"loc":{"start":{"line":537,"column":5},"end":{"line":537,"column":null}},"type":"binary-expr","locations":[{"start":{"line":537,"column":5},"end":{"line":537,"column":33}},{"start":{"line":537,"column":33},"end":{"line":537,"column":null}}],"line":537},"22":{"loc":{"start":{"line":549,"column":27},"end":{"line":549,"column":null}},"type":"binary-expr","locations":[{"start":{"line":549,"column":27},"end":{"line":549,"column":46}},{"start":{"line":549,"column":46},"end":{"line":549,"column":null}}],"line":549},"23":{"loc":{"start":{"line":553,"column":2},"end":{"line":565,"column":null}},"type":"if","locations":[{"start":{"line":553,"column":2},"end":{"line":565,"column":null}},{"start":{},"end":{}}],"line":553},"24":{"loc":{"start":{"line":556,"column":4},"end":{"line":560,"column":null}},"type":"if","locations":[{"start":{"line":556,"column":4},"end":{"line":560,"column":null}},{"start":{},"end":{}}],"line":556},"25":{"loc":{"start":{"line":581,"column":28},"end":{"line":581,"column":null}},"type":"binary-expr","locations":[{"start":{"line":581,"column":28},"end":{"line":581,"column":46}},{"start":{"line":581,"column":46},"end":{"line":581,"column":null}}],"line":581},"26":{"loc":{"start":{"line":589,"column":28},"end":{"line":589,"column":null}},"type":"binary-expr","locations":[{"start":{"line":589,"column":28},"end":{"line":589,"column":46}},{"start":{"line":589,"column":46},"end":{"line":589,"column":null}}],"line":589},"27":{"loc":{"start":{"line":595,"column":28},"end":{"line":595,"column":null}},"type":"binary-expr","locations":[{"start":{"line":595,"column":28},"end":{"line":595,"column":46}},{"start":{"line":595,"column":46},"end":{"line":595,"column":null}}],"line":595}},"s":{"0":1,"1":1,"2":1,"3":14,"4":14,"5":14,"6":14,"7":1,"8":83,"9":1,"10":74,"11":1,"12":11,"13":1,"14":7,"15":1,"16":32,"17":1,"18":6,"19":1,"20":2,"21":2,"22":1,"23":1,"24":7,"25":7,"26":3,"27":1,"28":3,"29":3,"30":1,"31":2,"32":13,"33":13,"34":13,"35":3,"36":2,"37":1,"38":4,"39":6,"40":1,"41":1,"42":3,"43":3,"44":3,"45":1,"46":3,"47":1,"48":2,"49":2,"50":1,"51":2,"52":1,"53":2,"54":2,"55":1,"56":4,"57":1,"58":3,"59":3,"60":1,"61":4,"62":1,"63":2,"64":2,"65":1,"66":5,"67":3,"68":2,"69":2,"70":1,"71":1,"72":1,"73":1,"74":5,"75":1,"76":2,"77":1,"78":2,"79":1,"80":2,"81":2,"82":1,"83":19,"84":1,"85":9,"86":1,"87":2,"88":1,"89":9,"90":9,"91":22,"92":6,"93":16,"94":18,"95":18,"96":16,"97":16,"98":16,"99":2,"100":2,"101":7,"102":7,"103":2,"104":2,"105":9,"106":1,"107":1,"108":2,"109":2,"110":2,"111":1,"112":1,"113":1,"114":1,"115":1,"116":1,"117":1},"f":{"0":1,"1":14,"2":83,"3":74,"4":11,"5":7,"6":32,"7":6,"8":2,"9":7,"10":3,"11":13,"12":2,"13":2,"14":1,"15":3,"16":1,"17":3,"18":2,"19":2,"20":2,"21":4,"22":3,"23":4,"24":2,"25":5,"26":1,"27":5,"28":2,"29":2,"30":2,"31":19,"32":9,"33":1,"34":2,"35":1,"36":22,"37":18,"38":2,"39":2,"40":1,"41":1,"42":2,"43":1,"44":1,"45":1,"46":1},"b":{"0":[2],"1":[3,10],"2":[1],"3":[1,2],"4":[2,1],"5":[1,1],"6":[1,1],"7":[1,1],"8":[3,1],"9":[2,1],"10":[2,2],"11":[3,2],"12":[1,1],"13":[2,3],"14":[1,1],"15":[1,1],"16":[19,19,8,6],"17":[5,4],"18":[4,2],"19":[4,1],"20":[6,16],"21":[6,6],"22":[18,17],"23":[16,2],"24":[2,14],"25":[2,2],"26":[1,1],"27":[1,1]},"meta":{"lastBranch":28,"lastFunction":47,"lastStatement":118,"seen":{"f:49:1:49:8":0,"s:50:2:50:Infinity":0,"s:51:2:51:Infinity":1,"s:52:2:52:Infinity":2,"f:66:1:66:13":1,"s:67:2:67:Infinity":3,"s:68:2:68:Infinity":4,"s:69:2:69:Infinity":5,"s:70:2:70:Infinity":6,"s:78:13:78:Infinity":7,"f:78:13:78:22":2,"s:78:43:78:Infinity":8,"s:80:13:80:Infinity":9,"f:80:13:80:23":3,"s:80:45:80:Infinity":10,"s:82:13:83:Infinity":11,"f:82:13:82:27":4,"s:83:1:83:Infinity":12,"s:85:13:86:Infinity":13,"f:85:13:85:28":5,"s:86:1:86:Infinity":14,"s:92:13:93:Infinity":15,"f:92:13:92:27":6,"s:93:1:93:Infinity":16,"s:95:13:96:Infinity":17,"f:95:13:95:28":7,"s:96:1:96:Infinity":18,"s:119:13:125:Infinity":19,"f:119:13:119:33":8,"s:120:1:124:Infinity":20,"s:121:2:121:Infinity":21,"s:123:2:123:Infinity":22,"s:133:27:142:Infinity":23,"f:133:27:133:Infinity":9,"s:137:1:141:Infinity":24,"s:138:2:138:Infinity":25,"s:140:2:140:Infinity":26,"s:150:34:159:Infinity":27,"f:150:34:150:Infinity":10,"s:154:1:158:Infinity":28,"s:155:2:155:Infinity":29,"s:157:2:157:Infinity":30,"f:174:16:174:Infinity":11,"b:177:1:177:Infinity":0,"f:177:1:177:44":12,"s:177:50:177:Infinity":31,"s:181:1:192:Infinity":32,"s:182:14:182:Infinity":33,"b:183:2:188:Infinity:undefined:undefined:undefined:undefined":1,"s:183:2:188:Infinity":34,"s:184:3:187:Infinity":35,"f:184:14:184:Infinity":13,"s:185:10:185:Infinity":36,"f:185:10:185:Infinity":14,"s:186:15:186:Infinity":37,"s:189:2:189:Infinity":38,"s:191:2:191:Infinity":39,"s:198:30:206:Infinity":40,"f:198:30:198:Infinity":15,"b:201:1:201:Infinity":2,"f:201:1:201:44":16,"s:201:50:201:Infinity":41,"s:203:16:203:Infinity":42,"s:204:13:204:Infinity":43,"s:205:1:205:Infinity":44,"b:205:29:205:35:205:35:205:Infinity":3,"s:218:13:221:Infinity":45,"f:218:13:218:Infinity":17,"s:221:20:221:Infinity":46,"b:221:35:221:58:221:58:221:Infinity":4,"s:228:24:234:Infinity":47,"f:228:24:228:Infinity":18,"s:232:16:232:Infinity":48,"s:233:1:233:Infinity":49,"b:233:23:233:52:233:52:233:Infinity":5,"s:242:13:245:Infinity":50,"f:242:13:242:Infinity":19,"s:245:20:245:Infinity":51,"b:245:36:245:60:245:60:245:Infinity":6,"s:252:27:258:Infinity":52,"f:252:27:252:Infinity":20,"s:256:16:256:Infinity":53,"s:257:1:257:Infinity":54,"b:257:24:257:54:257:54:257:Infinity":7,"s:267:13:270:Infinity":55,"f:267:13:267:Infinity":21,"s:270:20:270:Infinity":56,"b:270:35:270:54:270:54:270:Infinity":8,"s:277:28:283:Infinity":57,"f:277:28:277:Infinity":22,"s:281:16:281:Infinity":58,"s:282:1:282:Infinity":59,"b:282:23:282:42:282:42:282:Infinity":9,"s:296:13:300:Infinity":60,"f:296:13:296:Infinity":23,"s:300:13:300:Infinity":61,"b:300:28:300:49:300:49:300:Infinity":10,"s:309:26:316:Infinity":62,"f:309:26:309:Infinity":24,"s:314:16:314:Infinity":63,"s:315:1:315:Infinity":64,"s:329:13:333:Infinity":65,"f:329:13:329:29":25,"b:330:1:330:Infinity:undefined:undefined:undefined:undefined":11,"s:330:1:330:Infinity":66,"s:330:19:330:Infinity":67,"b:331:1:331:Infinity:undefined:undefined:undefined:undefined":12,"s:331:1:331:Infinity":68,"s:331:36:331:Infinity":69,"s:332:1:332:Infinity":70,"s:341:27:343:Infinity":71,"f:341:27:341:Infinity":26,"s:343:17:343:Infinity":72,"s:350:13:353:Infinity":73,"f:350:13:350:Infinity":27,"s:353:13:353:Infinity":74,"b:353:28:353:43:353:43:353:Infinity":13,"s:360:29:363:Infinity":75,"f:360:29:360:Infinity":28,"s:363:21:363:Infinity":76,"s:370:13:373:Infinity":77,"f:370:13:370:Infinity":29,"s:373:13:373:Infinity":78,"b:373:28:373:43:373:43:373:Infinity":14,"s:380:33:386:Infinity":79,"f:380:33:380:Infinity":30,"s:384:16:384:Infinity":80,"s:385:1:385:Infinity":81,"b:385:23:385:38:385:38:385:Infinity":15,"s:392:6:396:Infinity":82,"f:392:6:392:26":31,"s:393:1:396:Infinity":83,"b:393:1:393:Infinity:394:1:394:Infinity:395:1:395:Infinity:396:1:396:Infinity":16,"s:516:13:617:Infinity":84,"f:516:13:516:Infinity":32,"s:520:2:525:Infinity":85,"b:521:5:521:Infinity:522:5:525:Infinity":17,"f:521:25:521:43":33,"s:521:58:521:66":86,"b:523:15:523:37:523:23:523:Infinity":18,"f:523:23:523:37":34,"s:523:52:523:Infinity":87,"b:524:22:524:51:524:30:524:Infinity":19,"f:524:30:524:51":35,"s:524:66:524:Infinity":88,"s:527:39:527:Infinity":89,"s:529:7:541:Infinity":90,"f:529:7:529:Infinity":36,"b:533:2:539:Infinity:undefined:undefined:undefined:undefined":20,"s:533:2:539:Infinity":91,"s:534:3:538:Infinity":92,"b:537:5:537:33:537:33:537:Infinity":21,"s:540:2:540:Infinity":93,"f:543:10:543:Infinity":37,"s:549:27:549:Infinity":94,"b:549:27:549:46:549:46:549:Infinity":22,"b:553:2:565:Infinity:undefined:undefined:undefined:undefined":23,"s:553:2:565:Infinity":95,"s:554:3:564:Infinity":96,"s:555:18:555:Infinity":97,"b:556:4:560:Infinity:undefined:undefined:undefined:undefined":24,"s:556:4:560:Infinity":98,"s:557:5:559:Infinity":99,"f:557:48:557:54":38,"s:558:6:558:Infinity":100,"s:561:4:561:Infinity":101,"s:563:4:563:Infinity":102,"s:567:2:569:Infinity":103,"f:567:45:567:51":39,"s:568:3:568:Infinity":104,"s:572:1:616:Infinity":105,"f:574:2:574:8":40,"s:574:18:574:Infinity":106,"f:576:2:576:13":41,"s:576:23:576:Infinity":107,"f:580:2:580:18":42,"s:581:28:581:Infinity":108,"b:581:28:581:46:581:46:581:Infinity":25,"s:582:3:586:Infinity":109,"s:583:4:583:Infinity":110,"s:585:4:585:Infinity":111,"f:588:2:588:16":43,"s:589:28:589:Infinity":112,"b:589:28:589:46:589:46:589:Infinity":26,"s:590:3:592:Infinity":113,"f:590:48:590:54":44,"s:591:4:591:Infinity":114,"f:594:2:594:23":45,"s:595:28:595:Infinity":115,"b:595:28:595:46:595:46:595:Infinity":27,"s:596:3:598:Infinity":116,"f:596:50:596:56":46,"s:597:4:597:Infinity":117}}}
}
